[worker_runner] POST /api/_internal/update failed: Expecting value: line 1 column 1 (char 0)
[worker_runner] POST /api/_internal/update failed: Expecting value: line 1 column 1 (char 0)
[worker_runner] POST /api/_internal/update failed: Expecting value: line 1 column 1 (char 0)
[worker_runner] POST /api/_internal/update failed: Expecting value: line 1 column 1 (char 0)
[worker_runner] POST /api/_internal/update failed: Expecting value: line 1 column 1 (char 0)
[worker_runner] POST /api/_internal/update failed: Expecting value: line 1 column 1 (char 0)
[worker_runner] POST /api/_internal/update failed: Expecting value: line 1 column 1 (char 0)
[worker_runner] POST /api/_internal/update failed: Expecting value: line 1 column 1 (char 0)
[worker_runner] POST /api/_internal/update failed: Expecting value: line 1 column 1 (char 0)
[worker_runner] POST /api/_internal/update failed: Expecting value: line 1 column 1 (char 0)
[worker_runner] POST /api/_internal/update failed: Expecting value: line 1 column 1 (char 0)
[worker_runner] POST /api/_internal/update failed: Expecting value: line 1 column 1 (char 0)
[worker_runner] POST /api/_internal/update failed: Expecting value: line 1 column 1 (char 0)
[worker_runner] POST /api/_internal/update failed: Expecting value: line 1 column 1 (char 0)
[worker_runner] POST /api/_internal/update failed: Expecting value: line 1 column 1 (char 0)
[worker_runner] POST /api/_internal/update failed: Expecting value: line 1 column 1 (char 0)
[worker_runner] POST /api/_internal/update failed: Expecting value: line 1 column 1 (char 0)
[worker_runner] POST /api/_internal/update failed: Expecting value: line 1 column 1 (char 0)
[worker_runner] POST /api/_internal/update failed: Expecting value: line 1 column 1 (char 0)
[worker_runner] POST /api/_internal/update failed: Expecting value: line 1 column 1 (char 0)
[worker_runner] POST /api/_internal/update failed: Expecting value: line 1 column 1 (char 0)
[worker_runner] POST /api/_internal/update failed: Expecting value: line 1 column 1 (char 0)
[worker_runner] POST /api/_internal/update failed: Expecting value: line 1 column 1 (char 0)
[worker_runner] POST /api/_internal/update failed: Expecting value: line 1 column 1 (char 0)
[worker_runner] POST /api/_internal/update failed: Expecting value: line 1 column 1 (char 0)
[worker_runner] POST /api/_internal/update failed: Expecting value: line 1 column 1 (char 0)
[worker_runner] POST /api/_internal/update failed: Expecting value: line 1 column 1 (char 0)
[worker_runner] POST /api/_internal/update failed: Expecting value: line 1 column 1 (char 0)
[worker_runner] POST /api/_internal/update failed: Expecting value: line 1 column 1 (char 0)
[worker_runner] POST /api/_internal/update failed: Expecting value: line 1 column 1 (char 0)
[worker_runner] POST /api/_internal/update failed: Expecting value: line 1 column 1 (char 0)
[worker_runner] POST /api/_internal/update failed: Expecting value: line 1 column 1 (char 0)
[worker_runner] POST /api/_internal/update failed: Expecting value: line 1 column 1 (char 0)
[worker_runner] POST /api/_internal/update failed: Expecting value: line 1 column 1 (char 0)
[worker_runner] POST /api/_internal/update failed: Expecting value: line 1 column 1 (char 0)
[worker_runner] POST /api/_internal/update failed: Expecting value: line 1 column 1 (char 0)
[worker_runner] POST /api/_internal/update failed: Expecting value: line 1 column 1 (char 0)
[worker_runner] POST /api/_internal/update failed: Expecting value: line 1 column 1 (char 0)
[worker_runner] POST /api/_internal/update failed: Expecting value: line 1 column 1 (char 0)
[worker_runner] POST /api/_internal/update failed: Expecting value: line 1 column 1 (char 0)
[worker_runner] POST /api/_internal/dequeue failed: [Errno 51] Network is unreachable
[worker_runner] POST /api/_internal/dequeue failed: [Errno 8] nodename nor servname provided, or not known
[worker_runner] POST /api/_internal/dequeue failed: [Errno 8] nodename nor servname provided, or not known
[worker_runner] POST /api/_internal/dequeue failed: [Errno 8] nodename nor servname provided, or not known
[worker_runner] POST /api/_internal/dequeue failed: [Errno 8] nodename nor servname provided, or not known
[worker_runner] POST /api/_internal/dequeue failed: [Errno 8] nodename nor servname provided, or not known
[worker_runner] POST /api/_internal/dequeue failed: [Errno 54] Connection reset by peer
[worker_runner] polling https://flight-intel-worker.eliasurrar.workers.dev every 5s 窶ｦ
[worker_runner] picked up f6fc46b2
[worker_runner] POST /api/_internal/update failed: Expecting value: line 1 column 1 (char 0)
[worker_runner] POST /api/_internal/update failed: Expecting value: line 1 column 1 (char 0)

=== adhoc-f6fc46b2: smoke stopover SCL-GIG-FLN-SCL ===
Impersonate 'chrome_126' does not exist, using 'random'
  [GF] 5 quotes
  [Booking] 0 quotes in 27.0s
  [Kayak] 20 quotes in 7.2s
[worker_runner] POST /api/_internal/update failed: Expecting value: line 1 column 1 (char 0)
[worker_runner] picked up f2afb2ac
[worker_runner] POST /api/_internal/update failed: Expecting value: line 1 column 1 (char 0)
[worker_runner] POST /api/_internal/update failed: Expecting value: line 1 column 1 (char 0)

=== adhoc-f2afb2ac: SCL竊竪RU ﾂｷ GRU竊担CL ===
  [GF] 5 quotes
  [Booking] 0 quotes in 27.4s
  [Kayak] 30 quotes in 7.5s
[worker_runner] POST /api/_internal/update failed: Expecting value: line 1 column 1 (char 0)
[worker_runner] picked up 1eb7feb8
[worker_runner] POST /api/_internal/update failed: Expecting value: line 1 column 1 (char 0)
[worker_runner] POST /api/_internal/update failed: Expecting value: line 1 column 1 (char 0)

=== adhoc-1eb7feb8: AJU竊但DZ ﾂｷ ADZ竊但JU ===
  [GF] empty after retries
  [Booking] 0 quotes in 26.9s
  [Kayak] 30 quotes in 7.2s
[worker_runner] POST /api/_internal/update failed: Expecting value: line 1 column 1 (char 0)
[worker_runner] picked up 4868dbc9
[worker_runner] POST /api/_internal/update failed: Expecting value: line 1 column 1 (char 0)
[worker_runner] POST /api/_internal/update failed: Expecting value: line 1 column 1 (char 0)

=== adhoc-4868dbc9: AJU竊尿DZ retest ===
  [GF] empty after retries
  [Booking] 0 quotes in 26.9s
  [Kayak] 30 quotes in 6.6s
[worker_runner] POST /api/_internal/update failed: Expecting value: line 1 column 1 (char 0)
[worker_runner] polling https://flight-intel-worker.eliasurrar.workers.dev every 5s 窶ｦ
[worker_runner] picked up b9dabd9c
[worker_runner] POST /api/_internal/update failed: Expecting value: line 1 column 1 (char 0)
[worker_runner] POST /api/_internal/update failed: Expecting value: line 1 column 1 (char 0)

=== adhoc-b9dabd9c: AJU竊尿DZ post-fix ===
Impersonate 'chrome_126' does not exist, using 'random'
  [GF] 5 quotes
  [Booking] 0 quotes in 27.1s
  [Kayak] 30 quotes in 7.1s
[worker_runner] POST /api/_internal/update failed: Expecting value: line 1 column 1 (char 0)
[worker_runner] polling https://flight-intel-worker.eliasurrar.workers.dev every 5s 窶ｦ
[worker_runner] picked up 473e7da9
[worker_runner] POST /api/_internal/update failed: Expecting value: line 1 column 1 (char 0)
[worker_runner] POST /api/_internal/update failed: Expecting value: line 1 column 1 (char 0)

=== adhoc-473e7da9: AJU竊但DZ ﾂｷ ADZ竊但JU ===
Impersonate 'chrome_126' does not exist, using 'random'
  [GF] 5 quotes
  [Booking] 0 quotes in 26.9s
  [Kayak] 30 quotes in 7.2s
  [segments] scraping 6/27 segments per-airline
    latam      GRU竊但JU 2026-10-18: no_flights (6.3s) screenshot:/tmp/flight-intel-airline-shots/latam-GRU-AJU-2026-10-18-1779753276.png
    avianca    ADZ竊竪RU 2026-10-18: scraped (8.9s) USD 227
    jetsmart   SCL竊但DZ 2026-10-10: scraped (2.0s) $23.900
    latam      AJU竊担CL 2026-10-10: no_flights (6.1s) screenshot:/tmp/flight-intel-airline-shots/latam-AJU-SCL-2026-10-10-1779753282.png
    latam      GIG竊但JU 2026-10-18: no_flights (6.2s) screenshot:/tmp/flight-intel-airline-shots/latam-GIG-AJU-2026-10-18-1779753287.png
    gol        AJU竊竪RU 2026-10-10: ocr_failed (34.4s) screenshot:/tmp/flight-intel-airline-shots/gol-AJU-GRU-2026-10-10-1779753288.png
  [segments] 27 unique ﾂｷ 2 with price
[worker_runner] POST /api/_internal/update failed: Expecting value: line 1 column 1 (char 0)
[worker_runner] picked up 7559ffe2
[worker_runner] POST /api/_internal/update failed: Expecting value: line 1 column 1 (char 0)
[worker_runner] POST /api/_internal/update failed: Expecting value: line 1 column 1 (char 0)

=== adhoc-7559ffe2: AJU竊但DZ ﾂｷ ADZ竊但JU ===
  [GF] 5 quotes
  [Booking] 0 quotes in 26.8s
  [Kayak] 30 quotes in 6.9s
  [segments] scraping 6/29 segments per-airline
    latam      GIG竊但DZ 2026-10-10: no_flights (6.6s) screenshot:/tmp/flight-intel-airline-shots/latam-GIG-ADZ-2026-10-10-1779755421.png
    avianca    ADZ竊竪RU 2026-10-18: scraped (8.1s) USD 227
    latam      AJU竊担CL 2026-10-10: no_flights (6.1s) screenshot:/tmp/flight-intel-airline-shots/latam-AJU-SCL-2026-10-10-1779755436.png
    jetsmart   SCL竊但DZ 2026-10-10: scraped (1.7s) $23.900
    avianca    ADZ竊竪IG 2026-10-18: scraped (6.7s) USD 227
    gol        AJU竊竪IG 2026-10-10: ocr_failed (35.1s) screenshot:/tmp/flight-intel-airline-shots/gol-AJU-GIG-2026-10-10-1779755421.png
  [segments] 29 unique ﾂｷ 3 with price
[worker_runner] POST /api/_internal/update failed: Expecting value: line 1 column 1 (char 0)
[worker_runner] polling https://flight-intel-worker.eliasurrar.workers.dev every 5s 窶ｦ
